<?xml version="1.0" encoding="UTF-8"?>
<testng-results ignored="0" total="1" passed="1" failed="0" skipped="0">
  <reporter-output>
  </reporter-output>
  <suite started-at="2023-06-05T18:16:30 EDT" name="Default suite" finished-at="2023-06-05T18:16:35 EDT" duration-ms="5375">
    <groups>
    </groups>
    <test started-at="2023-06-05T18:16:30 EDT" name="Default test" finished-at="2023-06-05T18:16:35 EDT" duration-ms="5375">
      <class name="tests.TestsOnLocalAPI">
        <test-method signature="Post()[pri:0, instance:tests.TestsOnLocalAPI@306e95ec]" started-at="2023-06-05T18:16:30 EDT" name="Post" finished-at="2023-06-05T18:16:35 EDT" duration-ms="5336" status="PASS">
          <reporter-output>
          </reporter-output>
        </test-method> <!-- Post -->
      </class> <!-- tests.TestsOnLocalAPI -->
    </test> <!-- Default test -->
  </suite> <!-- Default suite -->
</testng-results>
